[2020-03-04 13:18:07.904] [exthost] [info] extension host started
[2020-03-04 13:18:07.931] [exthost] [info] ExtensionService#_doActivateExtension vscode.debug-auto-launch {"startup":true,"extensionId":{"value":"vscode.debug-auto-launch","_lower":"vscode.debug-auto-launch"},"activationEvent":"*"}
[2020-03-04 13:18:07.931] [exthost] [info] ExtensionService#loadCommonJSModule file:///snap/code/25/usr/share/code/resources/app/extensions/debug-auto-launch/dist/extension
[2020-03-04 13:18:07.936] [exthost] [info] ExtensionService#_doActivateExtension vscode.emmet {"startup":true,"extensionId":{"value":"vscode.emmet","_lower":"vscode.emmet"},"activationEvent":"*"}
[2020-03-04 13:18:07.936] [exthost] [info] ExtensionService#loadCommonJSModule file:///snap/code/25/usr/share/code/resources/app/extensions/emmet/dist/extension
[2020-03-04 13:18:07.956] [exthost] [info] ExtensionService#_doActivateExtension vscode.git {"startup":true,"extensionId":{"value":"vscode.git","_lower":"vscode.git"},"activationEvent":"*"}
[2020-03-04 13:18:07.956] [exthost] [info] ExtensionService#loadCommonJSModule file:///snap/code/25/usr/share/code/resources/app/extensions/git/dist/main
[2020-03-04 13:18:07.991] [exthost] [info] ExtensionService#_doActivateExtension vscode.merge-conflict {"startup":true,"extensionId":{"value":"vscode.merge-conflict","_lower":"vscode.merge-conflict"},"activationEvent":"*"}
[2020-03-04 13:18:07.991] [exthost] [info] ExtensionService#loadCommonJSModule file:///snap/code/25/usr/share/code/resources/app/extensions/merge-conflict/dist/extension
[2020-03-04 13:18:07.993] [exthost] [info] ExtensionService#_doActivateExtension vscode.search-result {"startup":true,"extensionId":{"value":"vscode.search-result","_lower":"vscode.search-result"},"activationEvent":"*"}
[2020-03-04 13:18:07.993] [exthost] [info] ExtensionService#loadCommonJSModule file:///snap/code/25/usr/share/code/resources/app/extensions/search-result/dist/extension.js
[2020-03-04 13:18:07.994] [exthost] [info] ExtensionService#_doActivateExtension vscode.vscode-account {"startup":true,"extensionId":{"value":"vscode.vscode-account","_lower":"vscode.vscode-account"},"activationEvent":"*"}
[2020-03-04 13:18:07.994] [exthost] [info] ExtensionService#loadCommonJSModule file:///snap/code/25/usr/share/code/resources/app/extensions/vscode-account/dist/extension.js
[2020-03-04 13:18:07.996] [exthost] [info] ExtensionService#_doActivateExtension ritwickdey.LiveServer {"startup":true,"extensionId":{"value":"ritwickdey.LiveServer","_lower":"ritwickdey.liveserver"},"activationEvent":"*"}
[2020-03-04 13:18:07.997] [exthost] [info] ExtensionService#loadCommonJSModule file:///home/eduard/.vscode/extensions/ritwickdey.liveserver-5.6.1/out/src/extension
[2020-03-04 13:18:08.217] [exthost] [info] ExtensionService#_doActivateExtension WallabyJs.quokka-vscode {"startup":true,"extensionId":{"value":"WallabyJs.quokka-vscode","_lower":"wallabyjs.quokka-vscode"},"activationEvent":"*"}
[2020-03-04 13:18:08.217] [exthost] [info] ExtensionService#loadCommonJSModule file:///home/eduard/.vscode/extensions/wallabyjs.quokka-vscode-1.0.282/index
[2020-03-04 13:18:08.218] [exthost] [info] eager extensions activated
[2020-03-04 13:18:38.892] [exthost] [info] extension host started
[2020-03-04 13:18:38.909] [exthost] [info] ExtensionService#_doActivateExtension vscode.debug-auto-launch {"startup":true,"extensionId":{"value":"vscode.debug-auto-launch","_lower":"vscode.debug-auto-launch"},"activationEvent":"*"}
[2020-03-04 13:18:38.909] [exthost] [info] ExtensionService#loadCommonJSModule file:///snap/code/25/usr/share/code/resources/app/extensions/debug-auto-launch/dist/extension
[2020-03-04 13:18:38.911] [exthost] [info] ExtensionService#_doActivateExtension vscode.emmet {"startup":true,"extensionId":{"value":"vscode.emmet","_lower":"vscode.emmet"},"activationEvent":"*"}
[2020-03-04 13:18:38.911] [exthost] [info] ExtensionService#loadCommonJSModule file:///snap/code/25/usr/share/code/resources/app/extensions/emmet/dist/extension
[2020-03-04 13:18:38.919] [exthost] [info] ExtensionService#_doActivateExtension vscode.git {"startup":true,"extensionId":{"value":"vscode.git","_lower":"vscode.git"},"activationEvent":"*"}
[2020-03-04 13:18:38.919] [exthost] [info] ExtensionService#loadCommonJSModule file:///snap/code/25/usr/share/code/resources/app/extensions/git/dist/main
[2020-03-04 13:18:38.931] [exthost] [info] ExtensionService#_doActivateExtension vscode.merge-conflict {"startup":true,"extensionId":{"value":"vscode.merge-conflict","_lower":"vscode.merge-conflict"},"activationEvent":"*"}
[2020-03-04 13:18:38.931] [exthost] [info] ExtensionService#loadCommonJSModule file:///snap/code/25/usr/share/code/resources/app/extensions/merge-conflict/dist/extension
[2020-03-04 13:18:38.932] [exthost] [info] ExtensionService#_doActivateExtension vscode.search-result {"startup":true,"extensionId":{"value":"vscode.search-result","_lower":"vscode.search-result"},"activationEvent":"*"}
[2020-03-04 13:18:38.932] [exthost] [info] ExtensionService#loadCommonJSModule file:///snap/code/25/usr/share/code/resources/app/extensions/search-result/dist/extension.js
[2020-03-04 13:18:38.932] [exthost] [info] ExtensionService#_doActivateExtension vscode.vscode-account {"startup":true,"extensionId":{"value":"vscode.vscode-account","_lower":"vscode.vscode-account"},"activationEvent":"*"}
[2020-03-04 13:18:38.932] [exthost] [info] ExtensionService#loadCommonJSModule file:///snap/code/25/usr/share/code/resources/app/extensions/vscode-account/dist/extension.js
[2020-03-04 13:18:38.933] [exthost] [info] ExtensionService#_doActivateExtension ritwickdey.LiveServer {"startup":true,"extensionId":{"value":"ritwickdey.LiveServer","_lower":"ritwickdey.liveserver"},"activationEvent":"*"}
[2020-03-04 13:18:38.933] [exthost] [info] ExtensionService#loadCommonJSModule file:///home/eduard/.vscode/extensions/ritwickdey.liveserver-5.6.1/out/src/extension
[2020-03-04 13:18:39.123] [exthost] [info] ExtensionService#_doActivateExtension WallabyJs.quokka-vscode {"startup":true,"extensionId":{"value":"WallabyJs.quokka-vscode","_lower":"wallabyjs.quokka-vscode"},"activationEvent":"*"}
[2020-03-04 13:18:39.124] [exthost] [info] ExtensionService#loadCommonJSModule file:///home/eduard/.vscode/extensions/wallabyjs.quokka-vscode-1.0.282/index
[2020-03-04 13:18:39.125] [exthost] [info] ExtensionService#_doActivateExtension vscode.npm {"startup":true,"extensionId":{"value":"vscode.npm","_lower":"vscode.npm"},"activationEvent":"workspaceContains:package.json"}
[2020-03-04 13:18:39.125] [exthost] [info] ExtensionService#loadCommonJSModule file:///snap/code/25/usr/share/code/resources/app/extensions/npm/dist/main
[2020-03-04 13:18:39.327] [exthost] [info] eager extensions activated
[2020-03-04 13:21:25.981] [exthost] [info] ExtensionService#_doActivateExtension vscode.typescript-language-features {"startup":false,"extensionId":{"value":"vscode.typescript-language-features","_lower":"vscode.typescript-language-features"},"activationEvent":"onLanguage:javascript"}
[2020-03-04 13:21:25.981] [exthost] [info] ExtensionService#loadCommonJSModule file:///snap/code/25/usr/share/code/resources/app/extensions/typescript-language-features/dist/extension
[2020-03-04 13:23:03.427] [exthost] [info] [vscode.typescript-language-features] UNSAVE result from 'resolveCompletionItem', extension SHOULD NOT change any of: additionalTextEdits, or command
[2020-03-04 13:24:14.225] [exthost] [info] ExtensionService#_doActivateExtension vscode.css-language-features {"startup":false,"extensionId":{"value":"vscode.css-language-features","_lower":"vscode.css-language-features"},"activationEvent":"onLanguage:css"}
[2020-03-04 13:24:14.225] [exthost] [info] ExtensionService#loadCommonJSModule file:///snap/code/25/usr/share/code/resources/app/extensions/css-language-features/client/dist/cssMain
[2020-03-04 13:24:27.065] [exthost] [info] ExtensionService#_doActivateExtension vscode.extension-editing {"startup":false,"extensionId":{"value":"vscode.extension-editing","_lower":"vscode.extension-editing"},"activationEvent":"onLanguage:typescript"}
[2020-03-04 13:24:27.065] [exthost] [info] ExtensionService#loadCommonJSModule file:///snap/code/25/usr/share/code/resources/app/extensions/extension-editing/dist/extension
