Looking for git in: git
Using git 2.17.1 from git
> git rev-parse --show-toplevel
> git rev-parse --git-dir
Open repository: /home/eduard
> git status -z -u
> git show :Desktop/2020/robofriends/src/index.js
> git ls-files --stage -- /home/eduard/Desktop/2020/robofriends/src/index.js
> git check-ignore -v -z --stdin
> git symbolic-ref --short HEAD
> git rev-parse master
fatal: ambiguous argument 'master': unknown revision or path not in the working tree.
Use '--' to separate paths from revisions, like this:
'git <command> [<revision>...] -- [<file>...]'
> git for-each-ref --format %(refname) %(objectname) --sort -committerdate
> git remote --verbose
> git config --get commit.template
> git show :Desktop/2020/robofriends/src/App.js
> git ls-files --stage -- /home/eduard/Desktop/2020/robofriends/src/App.js
> git check-ignore -v -z --stdin
> git show :Desktop/2020/robofriends/src/index.js
> git ls-files --stage -- /home/eduard/Desktop/2020/robofriends/src/index.js
> git show :Desktop/2020/robofriends/src/App.js
> git ls-files --stage -- /home/eduard/Desktop/2020/robofriends/src/App.js
> git show :Desktop/2020/robofriends/src/index.js
> git ls-files --stage -- /home/eduard/Desktop/2020/robofriends/src/index.js
> git show :Desktop/2020/robofriends/src/App.js
> git ls-files --stage -- /home/eduard/Desktop/2020/robofriends/src/App.js
> git show :Desktop/2020/robofriends/src/index.js
> git ls-files --stage -- /home/eduard/Desktop/2020/robofriends/src/index.js
> git show :Desktop/2020/robofriends/src/App.js
> git ls-files --stage -- /home/eduard/Desktop/2020/robofriends/src/App.js
> git show :Desktop/2020/robofriends/src/index.js
> git ls-files --stage -- /home/eduard/Desktop/2020/robofriends/src/index.js
> git show :Desktop/2020/robofriends/src/App.js
> git ls-files --stage -- /home/eduard/Desktop/2020/robofriends/src/App.js
> git show :Desktop/2020/robofriends/src/SearchBox.js
> git ls-files --stage -- /home/eduard/Desktop/2020/robofriends/src/SearchBox.js
> git check-ignore -v -z --stdin
> git show :Desktop/2020/robofriends/src/App.js
> git ls-files --stage -- /home/eduard/Desktop/2020/robofriends/src/App.js
> git show :Desktop/2020/robofriends/src/SearchBox.js
> git ls-files --stage -- /home/eduard/Desktop/2020/robofriends/src/SearchBox.js
> git show :Desktop/2020/robofriends/src/App.js
> git ls-files --stage -- /home/eduard/Desktop/2020/robofriends/src/App.js
> git show :Desktop/2020/robofriends/src/CardList.js
> git ls-files --stage -- /home/eduard/Desktop/2020/robofriends/src/CardList.js
> git show :Desktop/2020/robofriends/src/App.js
> git ls-files --stage -- /home/eduard/Desktop/2020/robofriends/src/App.js
> git show :Desktop/2020/robofriends/src/SearchBox.js
> git ls-files --stage -- /home/eduard/Desktop/2020/robofriends/src/SearchBox.js
> git show :Desktop/2020/robofriends/src/App.js
> git ls-files --stage -- /home/eduard/Desktop/2020/robofriends/src/App.js
> git show :Desktop/2020/robofriends/src/SearchBox.js
> git ls-files --stage -- /home/eduard/Desktop/2020/robofriends/src/SearchBox.js
> git show :Desktop/2020/robofriends/src/App.js
> git ls-files --stage -- /home/eduard/Desktop/2020/robofriends/src/App.js
> git show :Desktop/2020/robofriends/src/SearchBox.js
> git ls-files --stage -- /home/eduard/Desktop/2020/robofriends/src/SearchBox.js
> git show :Desktop/2020/robofriends/src/App.js
> git ls-files --stage -- /home/eduard/Desktop/2020/robofriends/src/App.js
> git show :Desktop/2020/robofriends/src/CardList.js
> git ls-files --stage -- /home/eduard/Desktop/2020/robofriends/src/CardList.js
> git show :Desktop/2020/robofriends/src/SearchBox.js
> git ls-files --stage -- /home/eduard/Desktop/2020/robofriends/src/SearchBox.js
> git show :Desktop/2020/robofriends/src/App.js
> git ls-files --stage -- /home/eduard/Desktop/2020/robofriends/src/App.js
> git show :Desktop/2020/robofriends/src/SearchBox.js
> git ls-files --stage -- /home/eduard/Desktop/2020/robofriends/src/SearchBox.js
> git show :Desktop/2020/robofriends/src/App.js
> git ls-files --stage -- /home/eduard/Desktop/2020/robofriends/src/App.js
> git show :Desktop/2020/robofriends/src/CardList.js
> git ls-files --stage -- /home/eduard/Desktop/2020/robofriends/src/CardList.js
> git show :Desktop/2020/robofriends/src/SearchBox.js
> git ls-files --stage -- /home/eduard/Desktop/2020/robofriends/src/SearchBox.js
> git show :Desktop/2020/robofriends/src/CardList.js
> git ls-files --stage -- /home/eduard/Desktop/2020/robofriends/src/CardList.js
> git show :Desktop/2020/robofriends/src/App.js
> git ls-files --stage -- /home/eduard/Desktop/2020/robofriends/src/App.js
> git show :Desktop/2020/robofriends/src/index.js
> git ls-files --stage -- /home/eduard/Desktop/2020/robofriends/src/index.js
> git show :Desktop/2020/robofriends/src/App.js
> git ls-files --stage -- /home/eduard/Desktop/2020/robofriends/src/App.js
> git show :Desktop/2020/robofriends/src/CardList.js
> git ls-files --stage -- /home/eduard/Desktop/2020/robofriends/src/CardList.js
> git show :Desktop/2020/robofriends/src/SearchBox.js
> git ls-files --stage -- /home/eduard/Desktop/2020/robofriends/src/SearchBox.js
> git show :Desktop/2020/robofriends/src/App.js
> git ls-files --stage -- /home/eduard/Desktop/2020/robofriends/src/App.js
> git show :Desktop/2020/robofriends/src/CardList.js
> git ls-files --stage -- /home/eduard/Desktop/2020/robofriends/src/CardList.js
> git show :Desktop/2020/robofriends/src/SearchBox.js
> git ls-files --stage -- /home/eduard/Desktop/2020/robofriends/src/SearchBox.js
> git show :Desktop/2020/robofriends/src/App.js
> git ls-files --stage -- /home/eduard/Desktop/2020/robofriends/src/App.js
> git show :Desktop/2020/robofriends/src/SearchBox.js
> git ls-files --stage -- /home/eduard/Desktop/2020/robofriends/src/SearchBox.js
> git show :Desktop/2020/robofriends/src/index.js
> git ls-files --stage -- /home/eduard/Desktop/2020/robofriends/src/index.js
> git show :Desktop/2020/robofriends/src/index.css
> git ls-files --stage -- /home/eduard/Desktop/2020/robofriends/src/index.css
> git show :Desktop/2020/robofriends/src/App.
> git ls-files --stage -- /home/eduard/Desktop/2020/robofriends/src/App.
> git check-ignore -v -z --stdin
> git show :Desktop/2020/robofriends/src/App.css
> git ls-files --stage -- /home/eduard/Desktop/2020/robofriends/src/App.css
> git check-ignore -v -z --stdin
> git show :Desktop/2020/robofriends/src/index.css
> git ls-files --stage -- /home/eduard/Desktop/2020/robofriends/src/index.css
> git show :Desktop/2020/robofriends/src/App.css
> git ls-files --stage -- /home/eduard/Desktop/2020/robofriends/src/App.css
> git show :Desktop/2020/robofriends/src/App.js
> git ls-files --stage -- /home/eduard/Desktop/2020/robofriends/src/App.js
> git show :Desktop/2020/robofriends/src/index.css
> git ls-files --stage -- /home/eduard/Desktop/2020/robofriends/src/index.css
> git show :Desktop/2020/robofriends/src/App.css
> git ls-files --stage -- /home/eduard/Desktop/2020/robofriends/src/App.css
> git show :Desktop/2020/robofriends/src/index.css
> git ls-files --stage -- /home/eduard/Desktop/2020/robofriends/src/index.css
> git show :Desktop/2020/robofriends/src/App.css
> git ls-files --stage -- /home/eduard/Desktop/2020/robofriends/src/App.css
> git show :Desktop/2020/robofriends/src/index.css
> git ls-files --stage -- /home/eduard/Desktop/2020/robofriends/src/index.css
> git show :Desktop/2020/robofriends/src/index.js
> git ls-files --stage -- /home/eduard/Desktop/2020/robofriends/src/index.js
> git show :Desktop/2020/robofriends/src/App.js
> git ls-files --stage -- /home/eduard/Desktop/2020/robofriends/src/App.js
> git show :Desktop/2020/robofriends/src/App.css
> git ls-files --stage -- /home/eduard/Desktop/2020/robofriends/src/App.css
> git show :Desktop/2020/robofriends/src/App.js
> git ls-files --stage -- /home/eduard/Desktop/2020/robofriends/src/App.js
> git show :Desktop/2020/robofriends/src/Scroll.js
> git ls-files --stage -- /home/eduard/Desktop/2020/robofriends/src/Scroll.js
> git check-ignore -v -z --stdin
> git show :Desktop/2020/robofriends/src/App.js
> git ls-files --stage -- /home/eduard/Desktop/2020/robofriends/src/App.js
> git show :Desktop/2020/robofriends/src/Scroll.js
> git ls-files --stage -- /home/eduard/Desktop/2020/robofriends/src/Scroll.js
> git show :Desktop/2020/robofriends/src/App.js
> git ls-files --stage -- /home/eduard/Desktop/2020/robofriends/src/App.js
> git show :Desktop/2020/robofriends/src/index.js
> git ls-files --stage -- /home/eduard/Desktop/2020/robofriends/src/index.js
> git show :Desktop/2020/robofriends/src/App.js
> git ls-files --stage -- /home/eduard/Desktop/2020/robofriends/src/App.js
> git show :Desktop/2020/robofriends/src/Scroll.js
> git ls-files --stage -- /home/eduard/Desktop/2020/robofriends/src/Scroll.js
> git show :Desktop/2020/robofriends/src/App.js
> git ls-files --stage -- /home/eduard/Desktop/2020/robofriends/src/App.js
> git show :Desktop/2020/robofriends/src/Scroll.js
> git ls-files --stage -- /home/eduard/Desktop/2020/robofriends/src/Scroll.js
> git show :Desktop/2020/robofriends/src/App.js
> git ls-files --stage -- /home/eduard/Desktop/2020/robofriends/src/App.js
> git show :Desktop/2020/robofriends/src/Scroll.js
> git ls-files --stage -- /home/eduard/Desktop/2020/robofriends/src/Scroll.js
> git show :Desktop/2020/robofriends/src/index.js
> git ls-files --stage -- /home/eduard/Desktop/2020/robofriends/src/index.js
> git show :Desktop/2020/robofriends/src/components
> git ls-files --stage -- /home/eduard/Desktop/2020/robofriends/src/components
> git check-ignore -v -z --stdin
> git show :Desktop/2020/robofriends/src/index.js
> git ls-files --stage -- /home/eduard/Desktop/2020/robofriends/src/index.js
> git check-ignore -v -z --stdin
> git check-ignore -v -z --stdin
> git check-ignore -v -z --stdin
> git show :Desktop/2020/robofriends/src/Scroll.js
> git ls-files --stage -- /home/eduard/Desktop/2020/robofriends/src/Scroll.js
> git show :Desktop/2020/robofriends/src/CardList.js
> git ls-files --stage -- /home/eduard/Desktop/2020/robofriends/src/CardList.js
> git show :Desktop/2020/robofriends/src/components/CardList.js
> git ls-files --stage -- /home/eduard/Desktop/2020/robofriends/src/components/CardList.js
> git check-ignore -v -z --stdin
> git show :Desktop/2020/robofriends/src/index.css
> git ls-files --stage -- /home/eduard/Desktop/2020/robofriends/src/index.css
> git show :Desktop/2020/robofriends/src/Card.css
> git ls-files --stage -- /home/eduard/Desktop/2020/robofriends/src/Card.css
> git show :Desktop/2020/robofriends/src/components/CardList.js
> git ls-files --stage -- /home/eduard/Desktop/2020/robofriends/src/components/CardList.js
> git show :Desktop/2020/robofriends/src/components/Card.css
> git ls-files --stage -- /home/eduard/Desktop/2020/robofriends/src/components/Card.css
> git check-ignore -v -z --stdin
> git show :Desktop/2020/robofriends/src/container/App.js
> git ls-files --stage -- /home/eduard/Desktop/2020/robofriends/src/container/App.js
> git show :Desktop/2020/robofriends/src/index.js
> git ls-files --stage -- /home/eduard/Desktop/2020/robofriends/src/index.js
> git check-ignore -v -z --stdin
> git show :Desktop/2020/robofriends/src/containers/App.js
> git ls-files --stage -- /home/eduard/Desktop/2020/robofriends/src/containers/App.js
> git check-ignore -v -z --stdin
> git show :Desktop/2020/robofriends/src/components/CardList.js
> git ls-files --stage -- /home/eduard/Desktop/2020/robofriends/src/components/CardList.js
> git show :Desktop/2020/robofriends/src/containers/App.js
> git ls-files --stage -- /home/eduard/Desktop/2020/robofriends/src/containers/App.js
> git show :Desktop/2020/robofriends/src/components/CardList.js
> git ls-files --stage -- /home/eduard/Desktop/2020/robofriends/src/components/CardList.js
> git show :Desktop/2020/robofriends/src/components/Card.js
> git ls-files --stage -- /home/eduard/Desktop/2020/robofriends/src/components/Card.js
> git show :Desktop/2020/robofriends/src/containers/App.js
> git ls-files --stage -- /home/eduard/Desktop/2020/robofriends/src/containers/App.js
> git show :Desktop/2020/robofriends/package.json
> git ls-files --stage -- /home/eduard/Desktop/2020/robofriends/package.json
> git show :Desktop/2020/robofriends/src/containers/App.js
> git ls-files --stage -- /home/eduard/Desktop/2020/robofriends/src/containers/App.js
> git check-ignore -v -z --stdin
> git show :Desktop/2020/robofriends/src/index.js
> git ls-files --stage -- /home/eduard/Desktop/2020/robofriends/src/index.js
> git check-ignore -v -z --stdin
> git check-ignore -v -z --stdin
