[2020-03-05 11:41:15.485] [exthost] [info] extension host started
[2020-03-05 11:41:15.530] [exthost] [info] ExtensionService#_doActivateExtension vscode.typescript-language-features {"startup":false,"extensionId":{"value":"vscode.typescript-language-features","_lower":"vscode.typescript-language-features"},"activationEvent":"onLanguage:javascript"}
[2020-03-05 11:41:15.531] [exthost] [info] ExtensionService#loadCommonJSModule file:///snap/code/25/usr/share/code/resources/app/extensions/typescript-language-features/dist/extension
[2020-03-05 11:41:15.778] [exthost] [info] ExtensionService#_doActivateExtension vscode.debug-auto-launch {"startup":true,"extensionId":{"value":"vscode.debug-auto-launch","_lower":"vscode.debug-auto-launch"},"activationEvent":"*"}
[2020-03-05 11:41:15.778] [exthost] [info] ExtensionService#loadCommonJSModule file:///snap/code/25/usr/share/code/resources/app/extensions/debug-auto-launch/dist/extension
[2020-03-05 11:41:15.849] [exthost] [info] ExtensionService#_doActivateExtension vscode.emmet {"startup":true,"extensionId":{"value":"vscode.emmet","_lower":"vscode.emmet"},"activationEvent":"*"}
[2020-03-05 11:41:15.849] [exthost] [info] ExtensionService#loadCommonJSModule file:///snap/code/25/usr/share/code/resources/app/extensions/emmet/dist/extension
[2020-03-05 11:41:16.280] [exthost] [info] ExtensionService#_doActivateExtension vscode.git {"startup":true,"extensionId":{"value":"vscode.git","_lower":"vscode.git"},"activationEvent":"*"}
[2020-03-05 11:41:16.280] [exthost] [info] ExtensionService#loadCommonJSModule file:///snap/code/25/usr/share/code/resources/app/extensions/git/dist/main
[2020-03-05 11:41:16.454] [exthost] [info] ExtensionService#_doActivateExtension vscode.merge-conflict {"startup":true,"extensionId":{"value":"vscode.merge-conflict","_lower":"vscode.merge-conflict"},"activationEvent":"*"}
[2020-03-05 11:41:16.454] [exthost] [info] ExtensionService#loadCommonJSModule file:///snap/code/25/usr/share/code/resources/app/extensions/merge-conflict/dist/extension
[2020-03-05 11:41:16.464] [exthost] [info] ExtensionService#_doActivateExtension vscode.search-result {"startup":true,"extensionId":{"value":"vscode.search-result","_lower":"vscode.search-result"},"activationEvent":"*"}
[2020-03-05 11:41:16.464] [exthost] [info] ExtensionService#loadCommonJSModule file:///snap/code/25/usr/share/code/resources/app/extensions/search-result/dist/extension.js
[2020-03-05 11:41:16.497] [exthost] [info] ExtensionService#_doActivateExtension vscode.vscode-account {"startup":true,"extensionId":{"value":"vscode.vscode-account","_lower":"vscode.vscode-account"},"activationEvent":"*"}
[2020-03-05 11:41:16.497] [exthost] [info] ExtensionService#loadCommonJSModule file:///snap/code/25/usr/share/code/resources/app/extensions/vscode-account/dist/extension.js
[2020-03-05 11:41:16.518] [exthost] [info] ExtensionService#_doActivateExtension ritwickdey.LiveServer {"startup":true,"extensionId":{"value":"ritwickdey.LiveServer","_lower":"ritwickdey.liveserver"},"activationEvent":"*"}
[2020-03-05 11:41:16.518] [exthost] [info] ExtensionService#loadCommonJSModule file:///home/eduard/.vscode/extensions/ritwickdey.liveserver-5.6.1/out/src/extension
[2020-03-05 11:41:17.954] [exthost] [info] ExtensionService#_doActivateExtension WallabyJs.quokka-vscode {"startup":true,"extensionId":{"value":"WallabyJs.quokka-vscode","_lower":"wallabyjs.quokka-vscode"},"activationEvent":"*"}
[2020-03-05 11:41:17.954] [exthost] [info] ExtensionService#loadCommonJSModule file:///home/eduard/.vscode/extensions/wallabyjs.quokka-vscode-1.0.282/index
[2020-03-05 11:41:17.975] [exthost] [info] ExtensionService#_doActivateExtension vscode.npm {"startup":true,"extensionId":{"value":"vscode.npm","_lower":"vscode.npm"},"activationEvent":"workspaceContains:package.json"}
[2020-03-05 11:41:17.975] [exthost] [info] ExtensionService#loadCommonJSModule file:///snap/code/25/usr/share/code/resources/app/extensions/npm/dist/main
[2020-03-05 11:41:18.720] [exthost] [info] eager extensions activated
[2020-03-05 11:50:22.081] [exthost] [info] ExtensionService#_doActivateExtension vscode.extension-editing {"startup":false,"extensionId":{"value":"vscode.extension-editing","_lower":"vscode.extension-editing"},"activationEvent":"onLanguage:typescript"}
[2020-03-05 11:50:22.081] [exthost] [info] ExtensionService#loadCommonJSModule file:///snap/code/25/usr/share/code/resources/app/extensions/extension-editing/dist/extension
[2020-03-05 11:52:04.797] [exthost] [info] [vscode.typescript-language-features] UNSAVE result from 'resolveCompletionItem', extension SHOULD NOT change any of: additionalTextEdits, or command
[2020-03-05 11:58:03.412] [exthost] [error] [vscode.typescript-language-features] provider FAILED
[2020-03-05 11:58:03.416] [exthost] [error] Error: <semantic> TypeScript Server Error (3.7.5)
Cannot read property 'parent' of undefined
TypeError: Cannot read property 'parent' of undefined
    at Object.deleteDeclaration (tsserver.js:120255:56)
    at _loop_9 (tsserver.js:119840:47)
    at ChangeTracker.finishDeleteDeclarations (tsserver.js:119847:21)
    at ChangeTracker.getChanges (tsserver.js:119867:22)
    at Function.ChangeTracker.with (tsserver.js:119391:32)
    at Object.getCodeActions (tsserver.js:124870:68)
    at tsserver.js:120431:121
    at Object.flatMap (tsserver.js:468:25)
    at Object.getFixes (tsserver.js:120431:23)
    at tsserver.js:131114:35
    at Object.flatMap (tsserver.js:468:25)
    at Proxy.getCodeFixesAtPosition (tsserver.js:131112:23)
    at IOSession.Session.getCodeFixes (tsserver.js:140767:64)
    at Session.handlers.ts.createMapFromTemplate._a.<computed> (tsserver.js:139552:61)
    at tsserver.js:140960:88
    at IOSession.Session.executeWithRequestId (tsserver.js:140951:28)
    at IOSession.Session.executeCommand (tsserver.js:140960:33)
    at IOSession.Session.onMessage (tsserver.js:140983:35)
    at Interface.<anonymous> (tsserver.js:142298:27)
    at Interface.emit (events.js:200:13)
    at Interface._onLine (readline.js:314:10)
    at Interface._normalWrite (readline.js:459:12)
    at Socket.ondata (readline.js:170:10)
    at Socket.emit (events.js:200:13)
    at addChunk (_stream_readable.js:294:12)
    at readableAddChunk (_stream_readable.js:275:11)
    at Socket.Readable.push (_stream_readable.js:210:10)
    at Pipe.onStreamRead (internal/stream_base_commons.js:166:17)
	at Function.create (/snap/code/25/usr/share/code/resources/app/extensions/typescript-language-features/dist/extension.js:1:49149)
	at h.dispatchResponse (/snap/code/25/usr/share/code/resources/app/extensions/typescript-language-features/dist/extension.js:1:213785)
	at h.dispatchMessage (/snap/code/25/usr/share/code/resources/app/extensions/typescript-language-features/dist/extension.js:1:212703)
	at /snap/code/25/usr/share/code/resources/app/extensions/typescript-language-features/dist/extension.js:1:212179
	at l.fire (/snap/code/25/usr/share/code/resources/app/out/vs/workbench/services/extensions/node/extensionHostProcess.js:48:541)
	at t.Reader.onLengthData (/snap/code/25/usr/share/code/resources/app/extensions/typescript-language-features/dist/extension.js:1:219256)
	at Socket.<anonymous> (/snap/code/25/usr/share/code/resources/app/extensions/typescript-language-features/dist/extension.js:1:218904)
	at Socket.emit (events.js:200:13)
	at addChunk (_stream_readable.js:294:12)
	at readableAddChunk (_stream_readable.js:275:11)
	at Socket.Readable.push (_stream_readable.js:210:10)
	at Pipe.onStreamRead (internal/stream_base_commons.js:166:17)
[2020-03-05 14:58:42.450] [exthost] [info] ExtensionService#_doActivateExtension vscode.css-language-features {"startup":false,"extensionId":{"value":"vscode.css-language-features","_lower":"vscode.css-language-features"},"activationEvent":"onLanguage:css"}
[2020-03-05 14:58:42.450] [exthost] [info] ExtensionService#loadCommonJSModule file:///snap/code/25/usr/share/code/resources/app/extensions/css-language-features/client/dist/cssMain
[2020-03-06 12:26:34.887] [exthost] [error] [vscode.typescript-language-features] provider FAILED
[2020-03-06 12:26:34.888] [exthost] [error] Error: <semantic> TypeScript Server Error (3.7.5)
Cannot read property 'parent' of undefined
TypeError: Cannot read property 'parent' of undefined
    at Object.deleteDeclaration (tsserver.js:120255:56)
    at _loop_9 (tsserver.js:119840:47)
    at ChangeTracker.finishDeleteDeclarations (tsserver.js:119847:21)
    at ChangeTracker.getChanges (tsserver.js:119867:22)
    at Function.ChangeTracker.with (tsserver.js:119391:32)
    at Object.getCodeActions (tsserver.js:124870:68)
    at tsserver.js:120431:121
    at Object.flatMap (tsserver.js:468:25)
    at Object.getFixes (tsserver.js:120431:23)
    at tsserver.js:131114:35
    at Object.flatMap (tsserver.js:468:25)
    at Proxy.getCodeFixesAtPosition (tsserver.js:131112:23)
    at IOSession.Session.getCodeFixes (tsserver.js:140767:64)
    at Session.handlers.ts.createMapFromTemplate._a.<computed> (tsserver.js:139552:61)
    at tsserver.js:140960:88
    at IOSession.Session.executeWithRequestId (tsserver.js:140951:28)
    at IOSession.Session.executeCommand (tsserver.js:140960:33)
    at IOSession.Session.onMessage (tsserver.js:140983:35)
    at Interface.<anonymous> (tsserver.js:142298:27)
    at Interface.emit (events.js:200:13)
    at Interface._onLine (readline.js:314:10)
    at Interface._normalWrite (readline.js:459:12)
    at Socket.ondata (readline.js:170:10)
    at Socket.emit (events.js:200:13)
    at addChunk (_stream_readable.js:294:12)
    at readableAddChunk (_stream_readable.js:275:11)
    at Socket.Readable.push (_stream_readable.js:210:10)
    at Pipe.onStreamRead (internal/stream_base_commons.js:166:17)
	at Function.create (/snap/code/25/usr/share/code/resources/app/extensions/typescript-language-features/dist/extension.js:1:49149)
	at h.dispatchResponse (/snap/code/25/usr/share/code/resources/app/extensions/typescript-language-features/dist/extension.js:1:213785)
	at h.dispatchMessage (/snap/code/25/usr/share/code/resources/app/extensions/typescript-language-features/dist/extension.js:1:212703)
	at /snap/code/25/usr/share/code/resources/app/extensions/typescript-language-features/dist/extension.js:1:212179
	at l.fire (/snap/code/25/usr/share/code/resources/app/out/vs/workbench/services/extensions/node/extensionHostProcess.js:48:541)
	at t.Reader.onLengthData (/snap/code/25/usr/share/code/resources/app/extensions/typescript-language-features/dist/extension.js:1:219256)
	at Socket.<anonymous> (/snap/code/25/usr/share/code/resources/app/extensions/typescript-language-features/dist/extension.js:1:218904)
	at Socket.emit (events.js:200:13)
	at addChunk (_stream_readable.js:294:12)
	at readableAddChunk (_stream_readable.js:275:11)
	at Socket.Readable.push (_stream_readable.js:210:10)
	at Pipe.onStreamRead (internal/stream_base_commons.js:166:17)
[2020-03-06 12:53:51.434] [exthost] [info] ExtensionService#_doActivateExtension vscode.configuration-editing {"startup":false,"extensionId":{"value":"vscode.configuration-editing","_lower":"vscode.configuration-editing"},"activationEvent":"onLanguage:json"}
[2020-03-06 12:53:51.435] [exthost] [info] ExtensionService#loadCommonJSModule file:///snap/code/25/usr/share/code/resources/app/extensions/configuration-editing/dist/extension
[2020-03-06 12:53:51.448] [exthost] [info] ExtensionService#_doActivateExtension vscode.json-language-features {"startup":false,"extensionId":{"value":"vscode.json-language-features","_lower":"vscode.json-language-features"},"activationEvent":"onLanguage:json"}
[2020-03-06 12:53:51.448] [exthost] [info] ExtensionService#loadCommonJSModule file:///snap/code/25/usr/share/code/resources/app/extensions/json-language-features/client/dist/jsonMain
