Looking for git in: git
Using git 2.17.1 from git
> git rev-parse --show-toplevel
> git rev-parse --git-dir
Open repository: /home/eduard
> git status -z -u
> git check-ignore -v -z --stdin
> git symbolic-ref --short HEAD
> git rev-parse master
fatal: ambiguous argument 'master': unknown revision or path not in the working tree.
Use '--' to separate paths from revisions, like this:
'git <command> [<revision>...] -- [<file>...]'
> git for-each-ref --format %(refname) %(objectname) --sort -committerdate
> git remote --verbose
> git config --get commit.template
> git check-ignore -v -z --stdin
> git show :Desktop/2020/robofriends/src/Card.js
> git ls-files --stage -- /home/eduard/Desktop/2020/robofriends/src/Card.js
> git show :Desktop/2020/robofriends/src/index.css
> git ls-files --stage -- /home/eduard/Desktop/2020/robofriends/src/index.css
> git show :Desktop/2020/robofriends/src/index.js
> git ls-files --stage -- /home/eduard/Desktop/2020/robofriends/src/index.js
> git show :Desktop/2020/robofriends/src/Card.js
> git ls-files --stage -- /home/eduard/Desktop/2020/robofriends/src/Card.js
> git show :Desktop/2020/robofriends/src/index.js
> git ls-files --stage -- /home/eduard/Desktop/2020/robofriends/src/index.js
> git show :Desktop/2020/robofriends/src/robots.js
> git ls-files --stage -- /home/eduard/Desktop/2020/robofriends/src/robots.js
> git check-ignore -v -z --stdin
> git check-ignore -v -z --stdin
> git show :Desktop/2020/robofriends/src/index.js
> git ls-files --stage -- /home/eduard/Desktop/2020/robofriends/src/index.js
> git show :Desktop/2020/robofriends/src/Card.js
> git ls-files --stage -- /home/eduard/Desktop/2020/robofriends/src/Card.js
> git show :Desktop/2020/robofriends/src/index.js
> git ls-files --stage -- /home/eduard/Desktop/2020/robofriends/src/index.js
> git show :Desktop/2020/robofriends/src/CardList.js
> git ls-files --stage -- /home/eduard/Desktop/2020/robofriends/src/CardList.js
> git check-ignore -v -z --stdin
> git show :Desktop/2020/robofriends/src/index.js
> git ls-files --stage -- /home/eduard/Desktop/2020/robofriends/src/index.js
> git show :Desktop/2020/robofriends/src/CardList.js
> git ls-files --stage -- /home/eduard/Desktop/2020/robofriends/src/CardList.js
> git show :Desktop/2020/robofriends/src/index.js
> git ls-files --stage -- /home/eduard/Desktop/2020/robofriends/src/index.js
> git show :Desktop/2020/robofriends/src/CardList.js
> git ls-files --stage -- /home/eduard/Desktop/2020/robofriends/src/CardList.js
> git show :Desktop/2020/robofriends/src/index.js
> git ls-files --stage -- /home/eduard/Desktop/2020/robofriends/src/index.js
> git show :Desktop/2020/robofriends/src/CardList.js
> git ls-files --stage -- /home/eduard/Desktop/2020/robofriends/src/CardList.js
> git show :Desktop/2020/robofriends/src/index.js
> git ls-files --stage -- /home/eduard/Desktop/2020/robofriends/src/index.js
> git show :Desktop/2020/robofriends/src/CardList.js
> git ls-files --stage -- /home/eduard/Desktop/2020/robofriends/src/CardList.js
> git show :Desktop/2020/robofriends/src/index.js
> git ls-files --stage -- /home/eduard/Desktop/2020/robofriends/src/index.js
> git show :Desktop/2020/robofriends/src/CardList.js
> git ls-files --stage -- /home/eduard/Desktop/2020/robofriends/src/CardList.js
> git show :Desktop/2020/robofriends/src/index.js
> git ls-files --stage -- /home/eduard/Desktop/2020/robofriends/src/index.js
> git show :Desktop/2020/robofriends/src/CardList.js
> git ls-files --stage -- /home/eduard/Desktop/2020/robofriends/src/CardList.js
> git show :Desktop/2020/robofriends/src/index.js
> git ls-files --stage -- /home/eduard/Desktop/2020/robofriends/src/index.js
